2021-04-22 09:26:50.997 WARN  com.zaxxer.hikari.pool.HikariPool                 :787  [32m                  [0;39m HikariPool-1 - Thread starvation or clock leap detected (housekeeper delta=15h21m54s73ms652µs600ns).
2021-04-22 11:54:41.495 WARN  com.zaxxer.hikari.pool.PoolBase                   :184  [32m                  [0;39m HikariPool-1 - Failed to validate connection com.mysql.cj.jdbc.ConnectionImpl@13cb0e19 (No operations allowed after connection closed.). Possibly consider using a shorter maxLifetime value.
2021-04-22 11:54:41.518 WARN  com.zaxxer.hikari.pool.PoolBase                   :184  [32m                  [0;39m HikariPool-1 - Failed to validate connection com.mysql.cj.jdbc.ConnectionImpl@1d0ce210 (No operations allowed after connection closed.). Possibly consider using a shorter maxLifetime value.
2021-04-22 11:54:41.523 WARN  com.zaxxer.hikari.pool.PoolBase                   :184  [32m                  [0;39m HikariPool-1 - Failed to validate connection com.mysql.cj.jdbc.ConnectionImpl@19336569 (No operations allowed after connection closed.). Possibly consider using a shorter maxLifetime value.
2021-04-22 11:54:41.527 WARN  com.zaxxer.hikari.pool.PoolBase                   :184  [32m                  [0;39m HikariPool-1 - Failed to validate connection com.mysql.cj.jdbc.ConnectionImpl@5c31e82b (No operations allowed after connection closed.). Possibly consider using a shorter maxLifetime value.
2021-04-22 11:54:41.530 WARN  com.zaxxer.hikari.pool.PoolBase                   :184  [32m                  [0;39m HikariPool-1 - Failed to validate connection com.mysql.cj.jdbc.ConnectionImpl@17419e72 (No operations allowed after connection closed.). Possibly consider using a shorter maxLifetime value.
2021-04-22 11:54:41.533 WARN  com.zaxxer.hikari.pool.PoolBase                   :184  [32m                  [0;39m HikariPool-1 - Failed to validate connection com.mysql.cj.jdbc.ConnectionImpl@6d27f2e8 (No operations allowed after connection closed.). Possibly consider using a shorter maxLifetime value.
2021-04-22 11:54:41.535 WARN  com.zaxxer.hikari.pool.PoolBase                   :184  [32m                  [0;39m HikariPool-1 - Failed to validate connection com.mysql.cj.jdbc.ConnectionImpl@6fbdda08 (No operations allowed after connection closed.). Possibly consider using a shorter maxLifetime value.
2021-04-22 11:54:41.541 WARN  com.zaxxer.hikari.pool.PoolBase                   :184  [32m                  [0;39m HikariPool-1 - Failed to validate connection com.mysql.cj.jdbc.ConnectionImpl@3c1e1764 (No operations allowed after connection closed.). Possibly consider using a shorter maxLifetime value.
2021-04-22 11:54:41.660 ERROR o.a.c.c.C.[.[localhost].[/].[dispatcherServlet]   :175  [32m                  [0;39m Servlet.service() for servlet [dispatcherServlet] in context with path [] threw exception [Request processing failed; nested exception is org.apache.ibatis.exceptions.PersistenceException: 
### Error querying database.  Cause: java.sql.SQLException: No database selected
### The error may exist in file [C:\Users\cindy.fengtj\Project\maautoplatform\target\classes\mapper\TestMapper.xml]
### The error may involve defaultParameterMap
### The error occurred while setting parameters
### SQL: select `id`, `name`, `password` from `test`
### Cause: java.sql.SQLException: No database selected] with root cause
java.sql.SQLException: No database selected
	at com.mysql.cj.jdbc.exceptions.SQLError.createSQLException(SQLError.java:129)
	at com.mysql.cj.jdbc.exceptions.SQLError.createSQLException(SQLError.java:97)
	at com.mysql.cj.jdbc.exceptions.SQLExceptionsMapping.translateException(SQLExceptionsMapping.java:122)
	at com.mysql.cj.jdbc.ClientPreparedStatement.executeInternal(ClientPreparedStatement.java:953)
	at com.mysql.cj.jdbc.ClientPreparedStatement.execute(ClientPreparedStatement.java:370)
	at com.zaxxer.hikari.pool.ProxyPreparedStatement.execute(ProxyPreparedStatement.java:44)
	at com.zaxxer.hikari.pool.HikariProxyPreparedStatement.execute(HikariProxyPreparedStatement.java)
	at org.apache.ibatis.executor.statement.PreparedStatementHandler.query(PreparedStatementHandler.java:64)
	at org.apache.ibatis.executor.statement.RoutingStatementHandler.query(RoutingStatementHandler.java:79)
	at org.apache.ibatis.executor.SimpleExecutor.doQuery(SimpleExecutor.java:63)
	at org.apache.ibatis.executor.BaseExecutor.queryFromDatabase(BaseExecutor.java:325)
	at org.apache.ibatis.executor.BaseExecutor.query(BaseExecutor.java:156)
	at org.apache.ibatis.executor.CachingExecutor.query(CachingExecutor.java:109)
	at org.apache.ibatis.executor.CachingExecutor.query(CachingExecutor.java:89)
	at org.apache.ibatis.session.defaults.DefaultSqlSession.selectList(DefaultSqlSession.java:147)
	at org.apache.ibatis.session.defaults.DefaultSqlSession.selectList(DefaultSqlSession.java:140)
	at sun.reflect.NativeMethodAccessorImpl.invoke0(Native Method)
	at sun.reflect.NativeMethodAccessorImpl.invoke(NativeMethodAccessorImpl.java:62)
	at sun.reflect.DelegatingMethodAccessorImpl.invoke(DelegatingMethodAccessorImpl.java:43)
	at java.lang.reflect.Method.invoke(Method.java:498)
	at org.mybatis.spring.SqlSessionTemplate$SqlSessionInterceptor.invoke(SqlSessionTemplate.java:426)
	at com.sun.proxy.$Proxy57.selectList(Unknown Source)
	at org.mybatis.spring.SqlSessionTemplate.selectList(SqlSessionTemplate.java:223)
	at org.apache.ibatis.binding.MapperMethod.executeForMany(MapperMethod.java:147)
	at org.apache.ibatis.binding.MapperMethod.execute(MapperMethod.java:80)
	at org.apache.ibatis.binding.MapperProxy$PlainMethodInvoker.invoke(MapperProxy.java:152)
	at org.apache.ibatis.binding.MapperProxy.invoke(MapperProxy.java:85)
	at com.sun.proxy.$Proxy58.list(Unknown Source)
	at com.automation.platform.service.TestService.list(TestService.java:16)
	at com.automation.platform.controller.TestController.list(TestController.java:34)
	at sun.reflect.NativeMethodAccessorImpl.invoke0(Native Method)
	at sun.reflect.NativeMethodAccessorImpl.invoke(NativeMethodAccessorImpl.java:62)
	at sun.reflect.DelegatingMethodAccessorImpl.invoke(DelegatingMethodAccessorImpl.java:43)
	at java.lang.reflect.Method.invoke(Method.java:498)
	at org.springframework.web.method.support.InvocableHandlerMethod.doInvoke(InvocableHandlerMethod.java:197)
	at org.springframework.web.method.support.InvocableHandlerMethod.invokeForRequest(InvocableHandlerMethod.java:141)
	at org.springframework.web.servlet.mvc.method.annotation.ServletInvocableHandlerMethod.invokeAndHandle(ServletInvocableHandlerMethod.java:106)
	at org.springframework.web.servlet.mvc.method.annotation.RequestMappingHandlerAdapter.invokeHandlerMethod(RequestMappingHandlerAdapter.java:894)
	at org.springframework.web.servlet.mvc.method.annotation.RequestMappingHandlerAdapter.handleInternal(RequestMappingHandlerAdapter.java:808)
	at org.springframework.web.servlet.mvc.method.AbstractHandlerMethodAdapter.handle(AbstractHandlerMethodAdapter.java:87)
	at org.springframework.web.servlet.DispatcherServlet.doDispatch(DispatcherServlet.java:1060)
	at org.springframework.web.servlet.DispatcherServlet.doService(DispatcherServlet.java:962)
	at org.springframework.web.servlet.FrameworkServlet.processRequest(FrameworkServlet.java:1006)
	at org.springframework.web.servlet.FrameworkServlet.doGet(FrameworkServlet.java:898)
	at javax.servlet.http.HttpServlet.service(HttpServlet.java:626)
	at org.springframework.web.servlet.FrameworkServlet.service(FrameworkServlet.java:883)
	at javax.servlet.http.HttpServlet.service(HttpServlet.java:733)
	at org.apache.catalina.core.ApplicationFilterChain.internalDoFilter(ApplicationFilterChain.java:227)
	at org.apache.catalina.core.ApplicationFilterChain.doFilter(ApplicationFilterChain.java:162)
	at org.apache.tomcat.websocket.server.WsFilter.doFilter(WsFilter.java:53)
	at org.apache.catalina.core.ApplicationFilterChain.internalDoFilter(ApplicationFilterChain.java:189)
	at org.apache.catalina.core.ApplicationFilterChain.doFilter(ApplicationFilterChain.java:162)
	at org.springframework.web.filter.RequestContextFilter.doFilterInternal(RequestContextFilter.java:100)
	at org.springframework.web.filter.OncePerRequestFilter.doFilter(OncePerRequestFilter.java:119)
	at org.apache.catalina.core.ApplicationFilterChain.internalDoFilter(ApplicationFilterChain.java:189)
	at org.apache.catalina.core.ApplicationFilterChain.doFilter(ApplicationFilterChain.java:162)
	at org.springframework.web.filter.FormContentFilter.doFilterInternal(FormContentFilter.java:93)
	at org.springframework.web.filter.OncePerRequestFilter.doFilter(OncePerRequestFilter.java:119)
	at org.apache.catalina.core.ApplicationFilterChain.internalDoFilter(ApplicationFilterChain.java:189)
	at org.apache.catalina.core.ApplicationFilterChain.doFilter(ApplicationFilterChain.java:162)
	at org.springframework.web.filter.CharacterEncodingFilter.doFilterInternal(CharacterEncodingFilter.java:201)
	at org.springframework.web.filter.OncePerRequestFilter.doFilter(OncePerRequestFilter.java:119)
	at org.apache.catalina.core.ApplicationFilterChain.internalDoFilter(ApplicationFilterChain.java:189)
	at org.apache.catalina.core.ApplicationFilterChain.doFilter(ApplicationFilterChain.java:162)
	at org.apache.catalina.core.StandardWrapperValve.invoke(StandardWrapperValve.java:202)
	at org.apache.catalina.core.StandardContextValve.invoke(StandardContextValve.java:97)
	at org.apache.catalina.authenticator.AuthenticatorBase.invoke(AuthenticatorBase.java:542)
	at org.apache.catalina.core.StandardHostValve.invoke(StandardHostValve.java:143)
	at org.apache.catalina.valves.ErrorReportValve.invoke(ErrorReportValve.java:92)
	at org.apache.catalina.core.StandardEngineValve.invoke(StandardEngineValve.java:78)
	at org.apache.catalina.connector.CoyoteAdapter.service(CoyoteAdapter.java:357)
	at org.apache.coyote.http11.Http11Processor.service(Http11Processor.java:374)
	at org.apache.coyote.AbstractProcessorLight.process(AbstractProcessorLight.java:65)
	at org.apache.coyote.AbstractProtocol$ConnectionHandler.process(AbstractProtocol.java:893)
	at org.apache.tomcat.util.net.NioEndpoint$SocketProcessor.doRun(NioEndpoint.java:1707)
	at org.apache.tomcat.util.net.SocketProcessorBase.run(SocketProcessorBase.java:49)
	at java.util.concurrent.ThreadPoolExecutor.runWorker(ThreadPoolExecutor.java:1149)
	at java.util.concurrent.ThreadPoolExecutor$Worker.run(ThreadPoolExecutor.java:624)
	at org.apache.tomcat.util.threads.TaskThread$WrappingRunnable.run(TaskThread.java:61)
	at java.lang.Thread.run(Thread.java:748)
2021-04-22 13:55:31.287 INFO  com.automation.platform.config.PlatformApplication:55   [32m                  [0;39m Starting PlatformApplication using Java 1.8.0_202 on CN-L201597 with PID 9864 (C:\Users\cindy.fengtj\Project\maautoplatform\target\classes started by Cindy.FengTJ in C:\Users\cindy.fengtj\Project\maautoplatform)
2021-04-22 13:55:31.291 INFO  com.automation.platform.config.PlatformApplication:662  [32m                  [0;39m No active profile set, falling back to default profiles: default
2021-04-22 13:55:31.383 INFO  o.s.b.d.env.DevToolsPropertyDefaultsPostProcessor :255  [32m                  [0;39m Devtools property defaults active! Set 'spring.devtools.add-properties' to 'false' to disable
2021-04-22 13:55:31.383 INFO  o.s.b.d.env.DevToolsPropertyDefaultsPostProcessor :255  [32m                  [0;39m For additional web related logging consider setting the 'logging.level.web' property to 'DEBUG'
2021-04-22 13:55:34.745 INFO  o.s.boot.web.embedded.tomcat.TomcatWebServer      :108  [32m                  [0;39m Tomcat initialized with port(s): 8090 (http)
2021-04-22 13:55:34.764 INFO  org.apache.coyote.http11.Http11NioProtocol        :173  [32m                  [0;39m Initializing ProtocolHandler ["http-nio-8090"]
2021-04-22 13:55:34.765 INFO  org.apache.catalina.core.StandardService          :173  [32m                  [0;39m Starting service [Tomcat]
2021-04-22 13:55:34.765 INFO  org.apache.catalina.core.StandardEngine           :173  [32m                  [0;39m Starting Servlet engine: [Apache Tomcat/9.0.44]
2021-04-22 13:55:34.983 INFO  o.a.c.core.ContainerBase.[Tomcat].[localhost].[/] :173  [32m                  [0;39m Initializing Spring embedded WebApplicationContext
2021-04-22 13:55:34.984 INFO  o.s.b.w.s.c.ServletWebServerApplicationContext    :289  [32m                  [0;39m Root WebApplicationContext: initialization completed in 3600 ms
2021-04-22 13:55:36.072 INFO  o.s.scheduling.concurrent.ThreadPoolTaskExecutor  :181  [32m                  [0;39m Initializing ExecutorService 'applicationTaskExecutor'
2021-04-22 13:55:36.529 INFO  o.s.b.d.autoconfigure.OptionalLiveReloadServer    :58   [32m                  [0;39m LiveReload server is running on port 35729
2021-04-22 13:55:36.554 INFO  org.apache.coyote.http11.Http11NioProtocol        :173  [32m                  [0;39m Starting ProtocolHandler ["http-nio-8090"]
2021-04-22 13:55:36.598 INFO  o.s.boot.web.embedded.tomcat.TomcatWebServer      :220  [32m                  [0;39m Tomcat started on port(s): 8090 (http) with context path ''
2021-04-22 13:55:36.619 INFO  com.automation.platform.config.PlatformApplication:61   [32m                  [0;39m Started PlatformApplication in 6.175 seconds (JVM running for 7.118)
2021-04-22 13:55:36.626 INFO  com.automation.platform.config.PlatformApplication:21   [32m                  [0;39m 启动成功！！
2021-04-22 13:55:36.627 INFO  com.automation.platform.config.PlatformApplication:22   [32m                  [0;39m 地址: 	http://127.0.0.1:8090
2021-04-22 13:55:50.128 INFO  o.a.c.core.ContainerBase.[Tomcat].[localhost].[/] :173  [32m                  [0;39m Initializing Spring DispatcherServlet 'dispatcherServlet'
2021-04-22 13:55:50.129 INFO  org.springframework.web.servlet.DispatcherServlet :525  [32m                  [0;39m Initializing Servlet 'dispatcherServlet'
2021-04-22 13:55:50.130 INFO  org.springframework.web.servlet.DispatcherServlet :547  [32m                  [0;39m Completed initialization in 1 ms
2021-04-22 13:55:50.219 INFO  com.zaxxer.hikari.HikariDataSource                :110  [32m                  [0;39m HikariPool-1 - Starting...
2021-04-22 13:55:51.710 INFO  com.zaxxer.hikari.HikariDataSource                :123  [32m                  [0;39m HikariPool-1 - Start completed.
2021-04-22 13:55:51.859 ERROR o.a.c.c.C.[.[localhost].[/].[dispatcherServlet]   :175  [32m                  [0;39m Servlet.service() for servlet [dispatcherServlet] in context with path [] threw exception [Request processing failed; nested exception is org.apache.ibatis.exceptions.PersistenceException: 
### Error querying database.  Cause: java.sql.SQLException: No database selected
### The error may exist in file [C:\Users\cindy.fengtj\Project\maautoplatform\target\classes\mapper\TestMapper.xml]
### The error may involve defaultParameterMap
### The error occurred while setting parameters
### SQL: select `id`, `name`, `password` from `test`
### Cause: java.sql.SQLException: No database selected] with root cause
java.sql.SQLException: No database selected
	at com.mysql.cj.jdbc.exceptions.SQLError.createSQLException(SQLError.java:129)
	at com.mysql.cj.jdbc.exceptions.SQLError.createSQLException(SQLError.java:97)
	at com.mysql.cj.jdbc.exceptions.SQLExceptionsMapping.translateException(SQLExceptionsMapping.java:122)
	at com.mysql.cj.jdbc.ClientPreparedStatement.executeInternal(ClientPreparedStatement.java:953)
	at com.mysql.cj.jdbc.ClientPreparedStatement.execute(ClientPreparedStatement.java:370)
	at com.zaxxer.hikari.pool.ProxyPreparedStatement.execute(ProxyPreparedStatement.java:44)
	at com.zaxxer.hikari.pool.HikariProxyPreparedStatement.execute(HikariProxyPreparedStatement.java)
	at org.apache.ibatis.executor.statement.PreparedStatementHandler.query(PreparedStatementHandler.java:64)
	at org.apache.ibatis.executor.statement.RoutingStatementHandler.query(RoutingStatementHandler.java:79)
	at org.apache.ibatis.executor.SimpleExecutor.doQuery(SimpleExecutor.java:63)
	at org.apache.ibatis.executor.BaseExecutor.queryFromDatabase(BaseExecutor.java:325)
	at org.apache.ibatis.executor.BaseExecutor.query(BaseExecutor.java:156)
	at org.apache.ibatis.executor.CachingExecutor.query(CachingExecutor.java:109)
	at org.apache.ibatis.executor.CachingExecutor.query(CachingExecutor.java:89)
	at org.apache.ibatis.session.defaults.DefaultSqlSession.selectList(DefaultSqlSession.java:147)
	at org.apache.ibatis.session.defaults.DefaultSqlSession.selectList(DefaultSqlSession.java:140)
	at sun.reflect.NativeMethodAccessorImpl.invoke0(Native Method)
	at sun.reflect.NativeMethodAccessorImpl.invoke(NativeMethodAccessorImpl.java:62)
	at sun.reflect.DelegatingMethodAccessorImpl.invoke(DelegatingMethodAccessorImpl.java:43)
	at java.lang.reflect.Method.invoke(Method.java:498)
	at org.mybatis.spring.SqlSessionTemplate$SqlSessionInterceptor.invoke(SqlSessionTemplate.java:426)
	at com.sun.proxy.$Proxy57.selectList(Unknown Source)
	at org.mybatis.spring.SqlSessionTemplate.selectList(SqlSessionTemplate.java:223)
	at org.apache.ibatis.binding.MapperMethod.executeForMany(MapperMethod.java:147)
	at org.apache.ibatis.binding.MapperMethod.execute(MapperMethod.java:80)
	at org.apache.ibatis.binding.MapperProxy$PlainMethodInvoker.invoke(MapperProxy.java:152)
	at org.apache.ibatis.binding.MapperProxy.invoke(MapperProxy.java:85)
	at com.sun.proxy.$Proxy58.list(Unknown Source)
	at com.automation.platform.service.TestService.list(TestService.java:16)
	at com.automation.platform.controller.TestController.list(TestController.java:34)
	at sun.reflect.NativeMethodAccessorImpl.invoke0(Native Method)
	at sun.reflect.NativeMethodAccessorImpl.invoke(NativeMethodAccessorImpl.java:62)
	at sun.reflect.DelegatingMethodAccessorImpl.invoke(DelegatingMethodAccessorImpl.java:43)
	at java.lang.reflect.Method.invoke(Method.java:498)
	at org.springframework.web.method.support.InvocableHandlerMethod.doInvoke(InvocableHandlerMethod.java:197)
	at org.springframework.web.method.support.InvocableHandlerMethod.invokeForRequest(InvocableHandlerMethod.java:141)
	at org.springframework.web.servlet.mvc.method.annotation.ServletInvocableHandlerMethod.invokeAndHandle(ServletInvocableHandlerMethod.java:106)
	at org.springframework.web.servlet.mvc.method.annotation.RequestMappingHandlerAdapter.invokeHandlerMethod(RequestMappingHandlerAdapter.java:894)
	at org.springframework.web.servlet.mvc.method.annotation.RequestMappingHandlerAdapter.handleInternal(RequestMappingHandlerAdapter.java:808)
	at org.springframework.web.servlet.mvc.method.AbstractHandlerMethodAdapter.handle(AbstractHandlerMethodAdapter.java:87)
	at org.springframework.web.servlet.DispatcherServlet.doDispatch(DispatcherServlet.java:1060)
	at org.springframework.web.servlet.DispatcherServlet.doService(DispatcherServlet.java:962)
	at org.springframework.web.servlet.FrameworkServlet.processRequest(FrameworkServlet.java:1006)
	at org.springframework.web.servlet.FrameworkServlet.doGet(FrameworkServlet.java:898)
	at javax.servlet.http.HttpServlet.service(HttpServlet.java:626)
	at org.springframework.web.servlet.FrameworkServlet.service(FrameworkServlet.java:883)
	at javax.servlet.http.HttpServlet.service(HttpServlet.java:733)
	at org.apache.catalina.core.ApplicationFilterChain.internalDoFilter(ApplicationFilterChain.java:227)
	at org.apache.catalina.core.ApplicationFilterChain.doFilter(ApplicationFilterChain.java:162)
	at org.apache.tomcat.websocket.server.WsFilter.doFilter(WsFilter.java:53)
	at org.apache.catalina.core.ApplicationFilterChain.internalDoFilter(ApplicationFilterChain.java:189)
	at org.apache.catalina.core.ApplicationFilterChain.doFilter(ApplicationFilterChain.java:162)
	at org.springframework.web.filter.RequestContextFilter.doFilterInternal(RequestContextFilter.java:100)
	at org.springframework.web.filter.OncePerRequestFilter.doFilter(OncePerRequestFilter.java:119)
	at org.apache.catalina.core.ApplicationFilterChain.internalDoFilter(ApplicationFilterChain.java:189)
	at org.apache.catalina.core.ApplicationFilterChain.doFilter(ApplicationFilterChain.java:162)
	at org.springframework.web.filter.FormContentFilter.doFilterInternal(FormContentFilter.java:93)
	at org.springframework.web.filter.OncePerRequestFilter.doFilter(OncePerRequestFilter.java:119)
	at org.apache.catalina.core.ApplicationFilterChain.internalDoFilter(ApplicationFilterChain.java:189)
	at org.apache.catalina.core.ApplicationFilterChain.doFilter(ApplicationFilterChain.java:162)
	at org.springframework.web.filter.CharacterEncodingFilter.doFilterInternal(CharacterEncodingFilter.java:201)
	at org.springframework.web.filter.OncePerRequestFilter.doFilter(OncePerRequestFilter.java:119)
	at org.apache.catalina.core.ApplicationFilterChain.internalDoFilter(ApplicationFilterChain.java:189)
	at org.apache.catalina.core.ApplicationFilterChain.doFilter(ApplicationFilterChain.java:162)
	at org.apache.catalina.core.StandardWrapperValve.invoke(StandardWrapperValve.java:202)
	at org.apache.catalina.core.StandardContextValve.invoke(StandardContextValve.java:97)
	at org.apache.catalina.authenticator.AuthenticatorBase.invoke(AuthenticatorBase.java:542)
	at org.apache.catalina.core.StandardHostValve.invoke(StandardHostValve.java:143)
	at org.apache.catalina.valves.ErrorReportValve.invoke(ErrorReportValve.java:92)
	at org.apache.catalina.core.StandardEngineValve.invoke(StandardEngineValve.java:78)
	at org.apache.catalina.connector.CoyoteAdapter.service(CoyoteAdapter.java:357)
	at org.apache.coyote.http11.Http11Processor.service(Http11Processor.java:374)
	at org.apache.coyote.AbstractProcessorLight.process(AbstractProcessorLight.java:65)
	at org.apache.coyote.AbstractProtocol$ConnectionHandler.process(AbstractProtocol.java:893)
	at org.apache.tomcat.util.net.NioEndpoint$SocketProcessor.doRun(NioEndpoint.java:1707)
	at org.apache.tomcat.util.net.SocketProcessorBase.run(SocketProcessorBase.java:49)
	at java.util.concurrent.ThreadPoolExecutor.runWorker(ThreadPoolExecutor.java:1149)
	at java.util.concurrent.ThreadPoolExecutor$Worker.run(ThreadPoolExecutor.java:624)
	at org.apache.tomcat.util.threads.TaskThread$WrappingRunnable.run(TaskThread.java:61)
	at java.lang.Thread.run(Thread.java:748)
2021-04-22 14:18:42.127 INFO  com.automation.platform.config.PlatformApplication:55   [32m                  [0;39m Starting PlatformApplication using Java 1.8.0_202 on CN-L201597 with PID 7600 (C:\Users\cindy.fengtj\Project\maautoplatform\target\classes started by Cindy.FengTJ in C:\Users\cindy.fengtj\Project\maautoplatform)
2021-04-22 14:18:42.131 INFO  com.automation.platform.config.PlatformApplication:662  [32m                  [0;39m No active profile set, falling back to default profiles: default
2021-04-22 14:18:42.214 INFO  o.s.b.d.env.DevToolsPropertyDefaultsPostProcessor :255  [32m                  [0;39m Devtools property defaults active! Set 'spring.devtools.add-properties' to 'false' to disable
2021-04-22 14:18:42.214 INFO  o.s.b.d.env.DevToolsPropertyDefaultsPostProcessor :255  [32m                  [0;39m For additional web related logging consider setting the 'logging.level.web' property to 'DEBUG'
2021-04-22 14:18:45.067 INFO  o.s.boot.web.embedded.tomcat.TomcatWebServer      :108  [32m                  [0;39m Tomcat initialized with port(s): 8090 (http)
2021-04-22 14:18:45.084 INFO  org.apache.coyote.http11.Http11NioProtocol        :173  [32m                  [0;39m Initializing ProtocolHandler ["http-nio-8090"]
2021-04-22 14:18:45.085 INFO  org.apache.catalina.core.StandardService          :173  [32m                  [0;39m Starting service [Tomcat]
2021-04-22 14:18:45.085 INFO  org.apache.catalina.core.StandardEngine           :173  [32m                  [0;39m Starting Servlet engine: [Apache Tomcat/9.0.44]
2021-04-22 14:18:45.247 INFO  o.a.c.core.ContainerBase.[Tomcat].[localhost].[/] :173  [32m                  [0;39m Initializing Spring embedded WebApplicationContext
2021-04-22 14:18:45.248 INFO  o.s.b.w.s.c.ServletWebServerApplicationContext    :289  [32m                  [0;39m Root WebApplicationContext: initialization completed in 3033 ms
2021-04-22 14:18:46.079 INFO  o.s.scheduling.concurrent.ThreadPoolTaskExecutor  :181  [32m                  [0;39m Initializing ExecutorService 'applicationTaskExecutor'
2021-04-22 14:18:46.497 INFO  o.s.b.d.autoconfigure.OptionalLiveReloadServer    :58   [32m                  [0;39m LiveReload server is running on port 35729
2021-04-22 14:18:46.529 INFO  org.apache.coyote.http11.Http11NioProtocol        :173  [32m                  [0;39m Starting ProtocolHandler ["http-nio-8090"]
2021-04-22 14:18:46.585 INFO  o.s.boot.web.embedded.tomcat.TomcatWebServer      :220  [32m                  [0;39m Tomcat started on port(s): 8090 (http) with context path ''
2021-04-22 14:18:46.607 INFO  com.automation.platform.config.PlatformApplication:61   [32m                  [0;39m Started PlatformApplication in 5.255 seconds (JVM running for 6.229)
2021-04-22 14:18:46.613 INFO  com.automation.platform.config.PlatformApplication:21   [32m                  [0;39m 启动成功！！
2021-04-22 14:18:46.614 INFO  com.automation.platform.config.PlatformApplication:22   [32m                  [0;39m 地址: 	http://127.0.0.1:8090
2021-04-22 14:18:52.109 INFO  o.a.c.core.ContainerBase.[Tomcat].[localhost].[/] :173  [32m                  [0;39m Initializing Spring DispatcherServlet 'dispatcherServlet'
2021-04-22 14:18:52.110 INFO  org.springframework.web.servlet.DispatcherServlet :525  [32m                  [0;39m Initializing Servlet 'dispatcherServlet'
2021-04-22 14:18:52.111 INFO  org.springframework.web.servlet.DispatcherServlet :547  [32m                  [0;39m Completed initialization in 1 ms
2021-04-22 14:18:52.175 INFO  com.zaxxer.hikari.HikariDataSource                :110  [32m                  [0;39m HikariPool-1 - Starting...
2021-04-22 14:18:53.521 INFO  com.zaxxer.hikari.HikariDataSource                :123  [32m                  [0;39m HikariPool-1 - Start completed.
2021-04-22 14:18:53.671 ERROR o.a.c.c.C.[.[localhost].[/].[dispatcherServlet]   :175  [32m                  [0;39m Servlet.service() for servlet [dispatcherServlet] in context with path [] threw exception [Request processing failed; nested exception is org.apache.ibatis.exceptions.PersistenceException: 
### Error querying database.  Cause: java.sql.SQLException: No database selected
### The error may exist in file [C:\Users\cindy.fengtj\Project\maautoplatform\target\classes\mapper\TestMapper.xml]
### The error may involve defaultParameterMap
### The error occurred while setting parameters
### SQL: select `id`, `name`, `password` from `test`
### Cause: java.sql.SQLException: No database selected] with root cause
java.sql.SQLException: No database selected
	at com.mysql.cj.jdbc.exceptions.SQLError.createSQLException(SQLError.java:129)
	at com.mysql.cj.jdbc.exceptions.SQLError.createSQLException(SQLError.java:97)
	at com.mysql.cj.jdbc.exceptions.SQLExceptionsMapping.translateException(SQLExceptionsMapping.java:122)
	at com.mysql.cj.jdbc.ClientPreparedStatement.executeInternal(ClientPreparedStatement.java:953)
	at com.mysql.cj.jdbc.ClientPreparedStatement.execute(ClientPreparedStatement.java:370)
	at com.zaxxer.hikari.pool.ProxyPreparedStatement.execute(ProxyPreparedStatement.java:44)
	at com.zaxxer.hikari.pool.HikariProxyPreparedStatement.execute(HikariProxyPreparedStatement.java)
	at org.apache.ibatis.executor.statement.PreparedStatementHandler.query(PreparedStatementHandler.java:64)
	at org.apache.ibatis.executor.statement.RoutingStatementHandler.query(RoutingStatementHandler.java:79)
	at org.apache.ibatis.executor.SimpleExecutor.doQuery(SimpleExecutor.java:63)
	at org.apache.ibatis.executor.BaseExecutor.queryFromDatabase(BaseExecutor.java:325)
	at org.apache.ibatis.executor.BaseExecutor.query(BaseExecutor.java:156)
	at org.apache.ibatis.executor.CachingExecutor.query(CachingExecutor.java:109)
	at org.apache.ibatis.executor.CachingExecutor.query(CachingExecutor.java:89)
	at org.apache.ibatis.session.defaults.DefaultSqlSession.selectList(DefaultSqlSession.java:147)
	at org.apache.ibatis.session.defaults.DefaultSqlSession.selectList(DefaultSqlSession.java:140)
	at sun.reflect.NativeMethodAccessorImpl.invoke0(Native Method)
	at sun.reflect.NativeMethodAccessorImpl.invoke(NativeMethodAccessorImpl.java:62)
	at sun.reflect.DelegatingMethodAccessorImpl.invoke(DelegatingMethodAccessorImpl.java:43)
	at java.lang.reflect.Method.invoke(Method.java:498)
	at org.mybatis.spring.SqlSessionTemplate$SqlSessionInterceptor.invoke(SqlSessionTemplate.java:426)
	at com.sun.proxy.$Proxy57.selectList(Unknown Source)
	at org.mybatis.spring.SqlSessionTemplate.selectList(SqlSessionTemplate.java:223)
	at org.apache.ibatis.binding.MapperMethod.executeForMany(MapperMethod.java:147)
	at org.apache.ibatis.binding.MapperMethod.execute(MapperMethod.java:80)
	at org.apache.ibatis.binding.MapperProxy$PlainMethodInvoker.invoke(MapperProxy.java:152)
	at org.apache.ibatis.binding.MapperProxy.invoke(MapperProxy.java:85)
	at com.sun.proxy.$Proxy58.list(Unknown Source)
	at com.automation.platform.service.TestService.list(TestService.java:16)
	at com.automation.platform.controller.TestController.list(TestController.java:34)
	at sun.reflect.NativeMethodAccessorImpl.invoke0(Native Method)
	at sun.reflect.NativeMethodAccessorImpl.invoke(NativeMethodAccessorImpl.java:62)
	at sun.reflect.DelegatingMethodAccessorImpl.invoke(DelegatingMethodAccessorImpl.java:43)
	at java.lang.reflect.Method.invoke(Method.java:498)
	at org.springframework.web.method.support.InvocableHandlerMethod.doInvoke(InvocableHandlerMethod.java:197)
	at org.springframework.web.method.support.InvocableHandlerMethod.invokeForRequest(InvocableHandlerMethod.java:141)
	at org.springframework.web.servlet.mvc.method.annotation.ServletInvocableHandlerMethod.invokeAndHandle(ServletInvocableHandlerMethod.java:106)
	at org.springframework.web.servlet.mvc.method.annotation.RequestMappingHandlerAdapter.invokeHandlerMethod(RequestMappingHandlerAdapter.java:894)
	at org.springframework.web.servlet.mvc.method.annotation.RequestMappingHandlerAdapter.handleInternal(RequestMappingHandlerAdapter.java:808)
	at org.springframework.web.servlet.mvc.method.AbstractHandlerMethodAdapter.handle(AbstractHandlerMethodAdapter.java:87)
	at org.springframework.web.servlet.DispatcherServlet.doDispatch(DispatcherServlet.java:1060)
	at org.springframework.web.servlet.DispatcherServlet.doService(DispatcherServlet.java:962)
	at org.springframework.web.servlet.FrameworkServlet.processRequest(FrameworkServlet.java:1006)
	at org.springframework.web.servlet.FrameworkServlet.doGet(FrameworkServlet.java:898)
	at javax.servlet.http.HttpServlet.service(HttpServlet.java:626)
	at org.springframework.web.servlet.FrameworkServlet.service(FrameworkServlet.java:883)
	at javax.servlet.http.HttpServlet.service(HttpServlet.java:733)
	at org.apache.catalina.core.ApplicationFilterChain.internalDoFilter(ApplicationFilterChain.java:227)
	at org.apache.catalina.core.ApplicationFilterChain.doFilter(ApplicationFilterChain.java:162)
	at org.apache.tomcat.websocket.server.WsFilter.doFilter(WsFilter.java:53)
	at org.apache.catalina.core.ApplicationFilterChain.internalDoFilter(ApplicationFilterChain.java:189)
	at org.apache.catalina.core.ApplicationFilterChain.doFilter(ApplicationFilterChain.java:162)
	at org.springframework.web.filter.RequestContextFilter.doFilterInternal(RequestContextFilter.java:100)
	at org.springframework.web.filter.OncePerRequestFilter.doFilter(OncePerRequestFilter.java:119)
	at org.apache.catalina.core.ApplicationFilterChain.internalDoFilter(ApplicationFilterChain.java:189)
	at org.apache.catalina.core.ApplicationFilterChain.doFilter(ApplicationFilterChain.java:162)
	at org.springframework.web.filter.FormContentFilter.doFilterInternal(FormContentFilter.java:93)
	at org.springframework.web.filter.OncePerRequestFilter.doFilter(OncePerRequestFilter.java:119)
	at org.apache.catalina.core.ApplicationFilterChain.internalDoFilter(ApplicationFilterChain.java:189)
	at org.apache.catalina.core.ApplicationFilterChain.doFilter(ApplicationFilterChain.java:162)
	at org.springframework.web.filter.CharacterEncodingFilter.doFilterInternal(CharacterEncodingFilter.java:201)
	at org.springframework.web.filter.OncePerRequestFilter.doFilter(OncePerRequestFilter.java:119)
	at org.apache.catalina.core.ApplicationFilterChain.internalDoFilter(ApplicationFilterChain.java:189)
	at org.apache.catalina.core.ApplicationFilterChain.doFilter(ApplicationFilterChain.java:162)
	at org.apache.catalina.core.StandardWrapperValve.invoke(StandardWrapperValve.java:202)
	at org.apache.catalina.core.StandardContextValve.invoke(StandardContextValve.java:97)
	at org.apache.catalina.authenticator.AuthenticatorBase.invoke(AuthenticatorBase.java:542)
	at org.apache.catalina.core.StandardHostValve.invoke(StandardHostValve.java:143)
	at org.apache.catalina.valves.ErrorReportValve.invoke(ErrorReportValve.java:92)
	at org.apache.catalina.core.StandardEngineValve.invoke(StandardEngineValve.java:78)
	at org.apache.catalina.connector.CoyoteAdapter.service(CoyoteAdapter.java:357)
	at org.apache.coyote.http11.Http11Processor.service(Http11Processor.java:374)
	at org.apache.coyote.AbstractProcessorLight.process(AbstractProcessorLight.java:65)
	at org.apache.coyote.AbstractProtocol$ConnectionHandler.process(AbstractProtocol.java:893)
	at org.apache.tomcat.util.net.NioEndpoint$SocketProcessor.doRun(NioEndpoint.java:1707)
	at org.apache.tomcat.util.net.SocketProcessorBase.run(SocketProcessorBase.java:49)
	at java.util.concurrent.ThreadPoolExecutor.runWorker(ThreadPoolExecutor.java:1149)
	at java.util.concurrent.ThreadPoolExecutor$Worker.run(ThreadPoolExecutor.java:624)
	at org.apache.tomcat.util.threads.TaskThread$WrappingRunnable.run(TaskThread.java:61)
	at java.lang.Thread.run(Thread.java:748)
2021-04-22 14:20:37.608 INFO  com.automation.platform.config.PlatformApplication:55   [32m                  [0;39m Starting PlatformApplication using Java 1.8.0_202 on CN-L201597 with PID 12444 (C:\Users\cindy.fengtj\Project\maautoplatform\target\classes started by Cindy.FengTJ in C:\Users\cindy.fengtj\Project\maautoplatform)
2021-04-22 14:20:37.612 INFO  com.automation.platform.config.PlatformApplication:662  [32m                  [0;39m No active profile set, falling back to default profiles: default
2021-04-22 14:20:37.711 INFO  o.s.b.d.env.DevToolsPropertyDefaultsPostProcessor :255  [32m                  [0;39m Devtools property defaults active! Set 'spring.devtools.add-properties' to 'false' to disable
2021-04-22 14:20:37.712 INFO  o.s.b.d.env.DevToolsPropertyDefaultsPostProcessor :255  [32m                  [0;39m For additional web related logging consider setting the 'logging.level.web' property to 'DEBUG'
2021-04-22 14:20:40.384 INFO  o.s.boot.web.embedded.tomcat.TomcatWebServer      :108  [32m                  [0;39m Tomcat initialized with port(s): 8090 (http)
2021-04-22 14:20:40.397 INFO  org.apache.coyote.http11.Http11NioProtocol        :173  [32m                  [0;39m Initializing ProtocolHandler ["http-nio-8090"]
2021-04-22 14:20:40.398 INFO  org.apache.catalina.core.StandardService          :173  [32m                  [0;39m Starting service [Tomcat]
2021-04-22 14:20:40.398 INFO  org.apache.catalina.core.StandardEngine           :173  [32m                  [0;39m Starting Servlet engine: [Apache Tomcat/9.0.44]
2021-04-22 14:20:40.551 INFO  o.a.c.core.ContainerBase.[Tomcat].[localhost].[/] :173  [32m                  [0;39m Initializing Spring embedded WebApplicationContext
2021-04-22 14:20:40.552 INFO  o.s.b.w.s.c.ServletWebServerApplicationContext    :289  [32m                  [0;39m Root WebApplicationContext: initialization completed in 2839 ms
2021-04-22 14:20:41.482 INFO  o.s.scheduling.concurrent.ThreadPoolTaskExecutor  :181  [32m                  [0;39m Initializing ExecutorService 'applicationTaskExecutor'
2021-04-22 14:20:41.923 INFO  o.s.b.d.autoconfigure.OptionalLiveReloadServer    :58   [32m                  [0;39m LiveReload server is running on port 35729
2021-04-22 14:20:41.942 INFO  org.apache.coyote.http11.Http11NioProtocol        :173  [32m                  [0;39m Starting ProtocolHandler ["http-nio-8090"]
2021-04-22 14:20:41.979 INFO  o.s.boot.web.embedded.tomcat.TomcatWebServer      :220  [32m                  [0;39m Tomcat started on port(s): 8090 (http) with context path ''
2021-04-22 14:20:41.999 INFO  com.automation.platform.config.PlatformApplication:61   [32m                  [0;39m Started PlatformApplication in 5.173 seconds (JVM running for 6.121)
2021-04-22 14:20:42.007 INFO  com.automation.platform.config.PlatformApplication:21   [32m                  [0;39m 启动成功！！
2021-04-22 14:20:42.009 INFO  com.automation.platform.config.PlatformApplication:22   [32m                  [0;39m 地址: 	http://127.0.0.1:8090
2021-04-22 14:20:50.010 INFO  o.a.c.core.ContainerBase.[Tomcat].[localhost].[/] :173  [32m                  [0;39m Initializing Spring DispatcherServlet 'dispatcherServlet'
2021-04-22 14:20:50.011 INFO  org.springframework.web.servlet.DispatcherServlet :525  [32m                  [0;39m Initializing Servlet 'dispatcherServlet'
2021-04-22 14:20:50.013 INFO  org.springframework.web.servlet.DispatcherServlet :547  [32m                  [0;39m Completed initialization in 2 ms
2021-04-22 14:20:50.083 INFO  com.zaxxer.hikari.HikariDataSource                :110  [32m                  [0;39m HikariPool-1 - Starting...
2021-04-22 14:20:51.494 INFO  com.zaxxer.hikari.HikariDataSource                :123  [32m                  [0;39m HikariPool-1 - Start completed.
2021-04-22 14:20:51.503 DEBUG com.automation.platform.mapper.TestMapper.list    :137  [32m                  [0;39m ==>  Preparing: select `id`, `name`, `password` from `test`
2021-04-22 14:20:51.537 DEBUG com.automation.platform.mapper.TestMapper.list    :137  [32m                  [0;39m ==> Parameters: 
2021-04-22 14:20:51.635 ERROR o.a.c.c.C.[.[localhost].[/].[dispatcherServlet]   :175  [32m                  [0;39m Servlet.service() for servlet [dispatcherServlet] in context with path [] threw exception [Request processing failed; nested exception is org.apache.ibatis.exceptions.PersistenceException: 
### Error querying database.  Cause: java.sql.SQLException: No database selected
### The error may exist in file [C:\Users\cindy.fengtj\Project\maautoplatform\target\classes\mapper\TestMapper.xml]
### The error may involve defaultParameterMap
### The error occurred while setting parameters
### SQL: select `id`, `name`, `password` from `test`
### Cause: java.sql.SQLException: No database selected] with root cause
java.sql.SQLException: No database selected
	at com.mysql.cj.jdbc.exceptions.SQLError.createSQLException(SQLError.java:129)
	at com.mysql.cj.jdbc.exceptions.SQLError.createSQLException(SQLError.java:97)
	at com.mysql.cj.jdbc.exceptions.SQLExceptionsMapping.translateException(SQLExceptionsMapping.java:122)
	at com.mysql.cj.jdbc.ClientPreparedStatement.executeInternal(ClientPreparedStatement.java:953)
	at com.mysql.cj.jdbc.ClientPreparedStatement.execute(ClientPreparedStatement.java:370)
	at com.zaxxer.hikari.pool.ProxyPreparedStatement.execute(ProxyPreparedStatement.java:44)
	at com.zaxxer.hikari.pool.HikariProxyPreparedStatement.execute(HikariProxyPreparedStatement.java)
	at sun.reflect.NativeMethodAccessorImpl.invoke0(Native Method)
	at sun.reflect.NativeMethodAccessorImpl.invoke(NativeMethodAccessorImpl.java:62)
	at sun.reflect.DelegatingMethodAccessorImpl.invoke(DelegatingMethodAccessorImpl.java:43)
	at java.lang.reflect.Method.invoke(Method.java:498)
	at org.apache.ibatis.logging.jdbc.PreparedStatementLogger.invoke(PreparedStatementLogger.java:59)
	at com.sun.proxy.$Proxy72.execute(Unknown Source)
	at org.apache.ibatis.executor.statement.PreparedStatementHandler.query(PreparedStatementHandler.java:64)
	at org.apache.ibatis.executor.statement.RoutingStatementHandler.query(RoutingStatementHandler.java:79)
	at org.apache.ibatis.executor.SimpleExecutor.doQuery(SimpleExecutor.java:63)
	at org.apache.ibatis.executor.BaseExecutor.queryFromDatabase(BaseExecutor.java:325)
	at org.apache.ibatis.executor.BaseExecutor.query(BaseExecutor.java:156)
	at org.apache.ibatis.executor.CachingExecutor.query(CachingExecutor.java:109)
	at org.apache.ibatis.executor.CachingExecutor.query(CachingExecutor.java:89)
	at org.apache.ibatis.session.defaults.DefaultSqlSession.selectList(DefaultSqlSession.java:147)
	at org.apache.ibatis.session.defaults.DefaultSqlSession.selectList(DefaultSqlSession.java:140)
	at sun.reflect.NativeMethodAccessorImpl.invoke0(Native Method)
	at sun.reflect.NativeMethodAccessorImpl.invoke(NativeMethodAccessorImpl.java:62)
	at sun.reflect.DelegatingMethodAccessorImpl.invoke(DelegatingMethodAccessorImpl.java:43)
	at java.lang.reflect.Method.invoke(Method.java:498)
	at org.mybatis.spring.SqlSessionTemplate$SqlSessionInterceptor.invoke(SqlSessionTemplate.java:426)
	at com.sun.proxy.$Proxy57.selectList(Unknown Source)
	at org.mybatis.spring.SqlSessionTemplate.selectList(SqlSessionTemplate.java:223)
	at org.apache.ibatis.binding.MapperMethod.executeForMany(MapperMethod.java:147)
	at org.apache.ibatis.binding.MapperMethod.execute(MapperMethod.java:80)
	at org.apache.ibatis.binding.MapperProxy$PlainMethodInvoker.invoke(MapperProxy.java:152)
	at org.apache.ibatis.binding.MapperProxy.invoke(MapperProxy.java:85)
	at com.sun.proxy.$Proxy58.list(Unknown Source)
	at com.automation.platform.service.TestService.list(TestService.java:16)
	at com.automation.platform.controller.TestController.list(TestController.java:34)
	at sun.reflect.NativeMethodAccessorImpl.invoke0(Native Method)
	at sun.reflect.NativeMethodAccessorImpl.invoke(NativeMethodAccessorImpl.java:62)
	at sun.reflect.DelegatingMethodAccessorImpl.invoke(DelegatingMethodAccessorImpl.java:43)
	at java.lang.reflect.Method.invoke(Method.java:498)
	at org.springframework.web.method.support.InvocableHandlerMethod.doInvoke(InvocableHandlerMethod.java:197)
	at org.springframework.web.method.support.InvocableHandlerMethod.invokeForRequest(InvocableHandlerMethod.java:141)
	at org.springframework.web.servlet.mvc.method.annotation.ServletInvocableHandlerMethod.invokeAndHandle(ServletInvocableHandlerMethod.java:106)
	at org.springframework.web.servlet.mvc.method.annotation.RequestMappingHandlerAdapter.invokeHandlerMethod(RequestMappingHandlerAdapter.java:894)
	at org.springframework.web.servlet.mvc.method.annotation.RequestMappingHandlerAdapter.handleInternal(RequestMappingHandlerAdapter.java:808)
	at org.springframework.web.servlet.mvc.method.AbstractHandlerMethodAdapter.handle(AbstractHandlerMethodAdapter.java:87)
	at org.springframework.web.servlet.DispatcherServlet.doDispatch(DispatcherServlet.java:1060)
	at org.springframework.web.servlet.DispatcherServlet.doService(DispatcherServlet.java:962)
	at org.springframework.web.servlet.FrameworkServlet.processRequest(FrameworkServlet.java:1006)
	at org.springframework.web.servlet.FrameworkServlet.doGet(FrameworkServlet.java:898)
	at javax.servlet.http.HttpServlet.service(HttpServlet.java:626)
	at org.springframework.web.servlet.FrameworkServlet.service(FrameworkServlet.java:883)
	at javax.servlet.http.HttpServlet.service(HttpServlet.java:733)
	at org.apache.catalina.core.ApplicationFilterChain.internalDoFilter(ApplicationFilterChain.java:227)
	at org.apache.catalina.core.ApplicationFilterChain.doFilter(ApplicationFilterChain.java:162)
	at org.apache.tomcat.websocket.server.WsFilter.doFilter(WsFilter.java:53)
	at org.apache.catalina.core.ApplicationFilterChain.internalDoFilter(ApplicationFilterChain.java:189)
	at org.apache.catalina.core.ApplicationFilterChain.doFilter(ApplicationFilterChain.java:162)
	at org.springframework.web.filter.RequestContextFilter.doFilterInternal(RequestContextFilter.java:100)
	at org.springframework.web.filter.OncePerRequestFilter.doFilter(OncePerRequestFilter.java:119)
	at org.apache.catalina.core.ApplicationFilterChain.internalDoFilter(ApplicationFilterChain.java:189)
	at org.apache.catalina.core.ApplicationFilterChain.doFilter(ApplicationFilterChain.java:162)
	at org.springframework.web.filter.FormContentFilter.doFilterInternal(FormContentFilter.java:93)
	at org.springframework.web.filter.OncePerRequestFilter.doFilter(OncePerRequestFilter.java:119)
	at org.apache.catalina.core.ApplicationFilterChain.internalDoFilter(ApplicationFilterChain.java:189)
	at org.apache.catalina.core.ApplicationFilterChain.doFilter(ApplicationFilterChain.java:162)
	at org.springframework.web.filter.CharacterEncodingFilter.doFilterInternal(CharacterEncodingFilter.java:201)
	at org.springframework.web.filter.OncePerRequestFilter.doFilter(OncePerRequestFilter.java:119)
	at org.apache.catalina.core.ApplicationFilterChain.internalDoFilter(ApplicationFilterChain.java:189)
	at org.apache.catalina.core.ApplicationFilterChain.doFilter(ApplicationFilterChain.java:162)
	at org.apache.catalina.core.StandardWrapperValve.invoke(StandardWrapperValve.java:202)
	at org.apache.catalina.core.StandardContextValve.invoke(StandardContextValve.java:97)
	at org.apache.catalina.authenticator.AuthenticatorBase.invoke(AuthenticatorBase.java:542)
	at org.apache.catalina.core.StandardHostValve.invoke(StandardHostValve.java:143)
	at org.apache.catalina.valves.ErrorReportValve.invoke(ErrorReportValve.java:92)
	at org.apache.catalina.core.StandardEngineValve.invoke(StandardEngineValve.java:78)
	at org.apache.catalina.connector.CoyoteAdapter.service(CoyoteAdapter.java:357)
	at org.apache.coyote.http11.Http11Processor.service(Http11Processor.java:374)
	at org.apache.coyote.AbstractProcessorLight.process(AbstractProcessorLight.java:65)
	at org.apache.coyote.AbstractProtocol$ConnectionHandler.process(AbstractProtocol.java:893)
	at org.apache.tomcat.util.net.NioEndpoint$SocketProcessor.doRun(NioEndpoint.java:1707)
	at org.apache.tomcat.util.net.SocketProcessorBase.run(SocketProcessorBase.java:49)
	at java.util.concurrent.ThreadPoolExecutor.runWorker(ThreadPoolExecutor.java:1149)
	at java.util.concurrent.ThreadPoolExecutor$Worker.run(ThreadPoolExecutor.java:624)
	at org.apache.tomcat.util.threads.TaskThread$WrappingRunnable.run(TaskThread.java:61)
	at java.lang.Thread.run(Thread.java:748)
2021-04-22 14:23:25.209 INFO  com.automation.platform.config.PlatformApplication:55   [32m                  [0;39m Starting PlatformApplication using Java 1.8.0_202 on CN-L201597 with PID 10444 (C:\Users\cindy.fengtj\Project\maautoplatform\target\classes started by Cindy.FengTJ in C:\Users\cindy.fengtj\Project\maautoplatform)
2021-04-22 14:23:25.214 INFO  com.automation.platform.config.PlatformApplication:662  [32m                  [0;39m No active profile set, falling back to default profiles: default
2021-04-22 14:23:25.342 INFO  o.s.b.d.env.DevToolsPropertyDefaultsPostProcessor :255  [32m                  [0;39m Devtools property defaults active! Set 'spring.devtools.add-properties' to 'false' to disable
2021-04-22 14:23:25.343 INFO  o.s.b.d.env.DevToolsPropertyDefaultsPostProcessor :255  [32m                  [0;39m For additional web related logging consider setting the 'logging.level.web' property to 'DEBUG'
2021-04-22 14:23:28.899 INFO  o.s.boot.web.embedded.tomcat.TomcatWebServer      :108  [32m                  [0;39m Tomcat initialized with port(s): 8090 (http)
2021-04-22 14:23:28.919 INFO  org.apache.coyote.http11.Http11NioProtocol        :173  [32m                  [0;39m Initializing ProtocolHandler ["http-nio-8090"]
2021-04-22 14:23:28.921 INFO  org.apache.catalina.core.StandardService          :173  [32m                  [0;39m Starting service [Tomcat]
2021-04-22 14:23:28.921 INFO  org.apache.catalina.core.StandardEngine           :173  [32m                  [0;39m Starting Servlet engine: [Apache Tomcat/9.0.44]
2021-04-22 14:23:29.122 INFO  o.a.c.core.ContainerBase.[Tomcat].[localhost].[/] :173  [32m                  [0;39m Initializing Spring embedded WebApplicationContext
2021-04-22 14:23:29.123 INFO  o.s.b.w.s.c.ServletWebServerApplicationContext    :289  [32m                  [0;39m Root WebApplicationContext: initialization completed in 3779 ms
2021-04-22 14:23:30.025 INFO  o.s.scheduling.concurrent.ThreadPoolTaskExecutor  :181  [32m                  [0;39m Initializing ExecutorService 'applicationTaskExecutor'
2021-04-22 14:23:30.460 INFO  o.s.b.d.autoconfigure.OptionalLiveReloadServer    :58   [32m                  [0;39m LiveReload server is running on port 35729
2021-04-22 14:23:30.488 INFO  org.apache.coyote.http11.Http11NioProtocol        :173  [32m                  [0;39m Starting ProtocolHandler ["http-nio-8090"]
2021-04-22 14:23:30.520 INFO  o.s.boot.web.embedded.tomcat.TomcatWebServer      :220  [32m                  [0;39m Tomcat started on port(s): 8090 (http) with context path ''
2021-04-22 14:23:30.537 INFO  com.automation.platform.config.PlatformApplication:61   [32m                  [0;39m Started PlatformApplication in 6.24 seconds (JVM running for 7.508)
2021-04-22 14:23:30.545 INFO  com.automation.platform.config.PlatformApplication:21   [32m                  [0;39m 启动成功！！
2021-04-22 14:23:30.546 INFO  com.automation.platform.config.PlatformApplication:22   [32m                  [0;39m 地址: 	http://127.0.0.1:8090
2021-04-22 14:23:34.900 INFO  o.a.c.core.ContainerBase.[Tomcat].[localhost].[/] :173  [32m                  [0;39m Initializing Spring DispatcherServlet 'dispatcherServlet'
2021-04-22 14:23:34.900 INFO  org.springframework.web.servlet.DispatcherServlet :525  [32m                  [0;39m Initializing Servlet 'dispatcherServlet'
2021-04-22 14:23:34.901 INFO  org.springframework.web.servlet.DispatcherServlet :547  [32m                  [0;39m Completed initialization in 0 ms
2021-04-22 14:23:34.979 INFO  com.zaxxer.hikari.HikariDataSource                :110  [32m                  [0;39m HikariPool-1 - Starting...
2021-04-22 14:23:36.416 INFO  com.zaxxer.hikari.HikariDataSource                :123  [32m                  [0;39m HikariPool-1 - Start completed.
2021-04-22 14:23:36.424 DEBUG com.automation.platform.mapper.TestMapper.list    :137  [32m                  [0;39m ==>  Preparing: select `id`, `name`, `password` from `test`
2021-04-22 14:23:36.456 DEBUG com.automation.platform.mapper.TestMapper.list    :137  [32m                  [0;39m ==> Parameters: 
2021-04-22 14:23:36.499 TRACE com.automation.platform.mapper.TestMapper.list    :143  [32m                  [0;39m <==    Columns: id, name, password
2021-04-22 14:23:36.499 TRACE com.automation.platform.mapper.TestMapper.list    :143  [32m                  [0;39m <==        Row: 1, testuser, 123456
2021-04-22 14:23:36.509 DEBUG com.automation.platform.mapper.TestMapper.list    :137  [32m                  [0;39m <==      Total: 1
2021-04-22 16:39:15.728 INFO  com.automation.platform.config.PlatformApplication:55   [32m                  [0;39m Starting PlatformApplication using Java 1.8.0_202 on CN-L201597 with PID 17428 (C:\Users\cindy.fengtj\Project\maautoplatform\target\classes started by Cindy.FengTJ in C:\Users\cindy.fengtj\Project\maautoplatform)
2021-04-22 16:39:15.733 INFO  com.automation.platform.config.PlatformApplication:662  [32m                  [0;39m No active profile set, falling back to default profiles: default
2021-04-22 16:39:15.789 INFO  o.s.b.d.env.DevToolsPropertyDefaultsPostProcessor :255  [32m                  [0;39m Devtools property defaults active! Set 'spring.devtools.add-properties' to 'false' to disable
2021-04-22 16:39:15.789 INFO  o.s.b.d.env.DevToolsPropertyDefaultsPostProcessor :255  [32m                  [0;39m For additional web related logging consider setting the 'logging.level.web' property to 'DEBUG'
2021-04-22 16:39:17.384 INFO  o.s.boot.web.embedded.tomcat.TomcatWebServer      :108  [32m                  [0;39m Tomcat initialized with port(s): 8090 (http)
2021-04-22 16:39:17.394 INFO  org.apache.coyote.http11.Http11NioProtocol        :173  [32m                  [0;39m Initializing ProtocolHandler ["http-nio-8090"]
2021-04-22 16:39:17.395 INFO  org.apache.catalina.core.StandardService          :173  [32m                  [0;39m Starting service [Tomcat]
2021-04-22 16:39:17.395 INFO  org.apache.catalina.core.StandardEngine           :173  [32m                  [0;39m Starting Servlet engine: [Apache Tomcat/9.0.44]
2021-04-22 16:39:17.539 INFO  o.a.c.core.ContainerBase.[Tomcat].[localhost].[/] :173  [32m                  [0;39m Initializing Spring embedded WebApplicationContext
2021-04-22 16:39:17.539 INFO  o.s.b.w.s.c.ServletWebServerApplicationContext    :289  [32m                  [0;39m Root WebApplicationContext: initialization completed in 1749 ms
2021-04-22 16:39:18.086 INFO  o.s.scheduling.concurrent.ThreadPoolTaskExecutor  :181  [32m                  [0;39m Initializing ExecutorService 'applicationTaskExecutor'
2021-04-22 16:39:18.386 INFO  o.s.b.d.autoconfigure.OptionalLiveReloadServer    :58   [32m                  [0;39m LiveReload server is running on port 35729
2021-04-22 16:39:18.409 INFO  org.apache.coyote.http11.Http11NioProtocol        :173  [32m                  [0;39m Starting ProtocolHandler ["http-nio-8090"]
2021-04-22 16:39:18.433 INFO  o.s.boot.web.embedded.tomcat.TomcatWebServer      :220  [32m                  [0;39m Tomcat started on port(s): 8090 (http) with context path ''
2021-04-22 16:39:18.443 INFO  com.automation.platform.config.PlatformApplication:61   [32m                  [0;39m Started PlatformApplication in 3.788 seconds (JVM running for 6.01)
2021-04-22 16:39:18.447 INFO  com.automation.platform.config.PlatformApplication:21   [32m                  [0;39m 启动成功！！
2021-04-22 16:39:18.448 INFO  com.automation.platform.config.PlatformApplication:22   [32m                  [0;39m 地址: 	http://127.0.0.1:8090
2021-04-22 16:39:30.531 INFO  o.a.c.core.ContainerBase.[Tomcat].[localhost].[/] :173  [32m                  [0;39m Initializing Spring DispatcherServlet 'dispatcherServlet'
2021-04-22 16:39:30.532 INFO  org.springframework.web.servlet.DispatcherServlet :525  [32m                  [0;39m Initializing Servlet 'dispatcherServlet'
2021-04-22 16:39:30.534 INFO  org.springframework.web.servlet.DispatcherServlet :547  [32m                  [0;39m Completed initialization in 2 ms
2021-04-22 16:39:30.614 INFO  com.zaxxer.hikari.HikariDataSource                :110  [32m                  [0;39m HikariPool-1 - Starting...
2021-04-22 16:39:31.810 INFO  com.zaxxer.hikari.HikariDataSource                :123  [32m                  [0;39m HikariPool-1 - Start completed.
2021-04-22 16:39:31.820 DEBUG c.a.platform.mapper.DemoMapper.selectByExample    :137  [32m                  [0;39m ==>  Preparing: select id, `name` from demo
2021-04-22 16:39:31.845 DEBUG c.a.platform.mapper.DemoMapper.selectByExample    :137  [32m                  [0;39m ==> Parameters: 
2021-04-22 16:39:31.876 TRACE c.a.platform.mapper.DemoMapper.selectByExample    :143  [32m                  [0;39m <==    Columns: id, name
2021-04-22 16:39:31.876 TRACE c.a.platform.mapper.DemoMapper.selectByExample    :143  [32m                  [0;39m <==        Row: 1, 测试
2021-04-22 16:39:31.878 DEBUG c.a.platform.mapper.DemoMapper.selectByExample    :137  [32m                  [0;39m <==      Total: 1
2021-04-22 16:50:45.848 INFO  com.automation.platform.config.PlatformApplication:55   [32m                  [0;39m Starting PlatformApplication using Java 1.8.0_202 on CN-L201597 with PID 20596 (C:\Users\cindy.fengtj\Project\maautoplatform\target\classes started by Cindy.FengTJ in C:\Users\cindy.fengtj\Project\maautoplatform)
2021-04-22 16:50:45.852 INFO  com.automation.platform.config.PlatformApplication:662  [32m                  [0;39m No active profile set, falling back to default profiles: default
2021-04-22 16:50:45.918 INFO  o.s.b.d.env.DevToolsPropertyDefaultsPostProcessor :255  [32m                  [0;39m Devtools property defaults active! Set 'spring.devtools.add-properties' to 'false' to disable
2021-04-22 16:50:45.919 INFO  o.s.b.d.env.DevToolsPropertyDefaultsPostProcessor :255  [32m                  [0;39m For additional web related logging consider setting the 'logging.level.web' property to 'DEBUG'
2021-04-22 16:50:47.215 INFO  o.s.boot.web.embedded.tomcat.TomcatWebServer      :108  [32m                  [0;39m Tomcat initialized with port(s): 8090 (http)
2021-04-22 16:50:47.222 INFO  org.apache.coyote.http11.Http11NioProtocol        :173  [32m                  [0;39m Initializing ProtocolHandler ["http-nio-8090"]
2021-04-22 16:50:47.223 INFO  org.apache.catalina.core.StandardService          :173  [32m                  [0;39m Starting service [Tomcat]
2021-04-22 16:50:47.224 INFO  org.apache.catalina.core.StandardEngine           :173  [32m                  [0;39m Starting Servlet engine: [Apache Tomcat/9.0.44]
2021-04-22 16:50:47.368 INFO  o.a.c.core.ContainerBase.[Tomcat].[localhost].[/] :173  [32m                  [0;39m Initializing Spring embedded WebApplicationContext
2021-04-22 16:50:47.368 INFO  o.s.b.w.s.c.ServletWebServerApplicationContext    :289  [32m                  [0;39m Root WebApplicationContext: initialization completed in 1448 ms
2021-04-22 16:50:47.803 INFO  o.s.scheduling.concurrent.ThreadPoolTaskExecutor  :181  [32m                  [0;39m Initializing ExecutorService 'applicationTaskExecutor'
2021-04-22 16:50:48.085 INFO  o.s.b.d.autoconfigure.OptionalLiveReloadServer    :58   [32m                  [0;39m LiveReload server is running on port 35729
2021-04-22 16:50:48.099 INFO  org.apache.coyote.http11.Http11NioProtocol        :173  [32m                  [0;39m Starting ProtocolHandler ["http-nio-8090"]
2021-04-22 16:50:48.116 INFO  o.s.boot.web.embedded.tomcat.TomcatWebServer      :220  [32m                  [0;39m Tomcat started on port(s): 8090 (http) with context path ''
2021-04-22 16:50:48.125 INFO  com.automation.platform.config.PlatformApplication:61   [32m                  [0;39m Started PlatformApplication in 2.87 seconds (JVM running for 4.625)
2021-04-22 16:50:48.128 INFO  com.automation.platform.config.PlatformApplication:21   [32m                  [0;39m 启动成功！！
2021-04-22 16:50:48.129 INFO  com.automation.platform.config.PlatformApplication:22   [32m                  [0;39m 地址: 	http://127.0.0.1:8090
2021-04-22 16:51:19.097 INFO  o.a.c.core.ContainerBase.[Tomcat].[localhost].[/] :173  [32m                  [0;39m Initializing Spring DispatcherServlet 'dispatcherServlet'
2021-04-22 16:51:19.098 INFO  org.springframework.web.servlet.DispatcherServlet :525  [32m                  [0;39m Initializing Servlet 'dispatcherServlet'
2021-04-22 16:51:19.098 INFO  org.springframework.web.servlet.DispatcherServlet :547  [32m                  [0;39m Completed initialization in 0 ms
2021-04-22 16:51:19.151 INFO  com.zaxxer.hikari.HikariDataSource                :110  [32m                  [0;39m HikariPool-1 - Starting...
2021-04-22 16:51:20.518 INFO  com.zaxxer.hikari.HikariDataSource                :123  [32m                  [0;39m HikariPool-1 - Start completed.
2021-04-22 16:51:20.525 DEBUG c.a.platform.mapper.DemoMapper.selectByExample    :137  [32m                  [0;39m ==>  Preparing: select id, `name` from demo
2021-04-22 16:51:20.549 DEBUG c.a.platform.mapper.DemoMapper.selectByExample    :137  [32m                  [0;39m ==> Parameters: 
2021-04-22 16:51:20.611 TRACE c.a.platform.mapper.DemoMapper.selectByExample    :143  [32m                  [0;39m <==    Columns: id, name
2021-04-22 16:51:20.612 TRACE c.a.platform.mapper.DemoMapper.selectByExample    :143  [32m                  [0;39m <==        Row: 1, 测试
2021-04-22 16:51:20.614 DEBUG c.a.platform.mapper.DemoMapper.selectByExample    :137  [32m                  [0;39m <==      Total: 1
2021-04-22 17:27:29.286 INFO  com.automation.platform.config.PlatformApplication:55   [32m                  [0;39m Starting PlatformApplication using Java 1.8.0_202 on CN-L201597 with PID 17088 (C:\Users\cindy.fengtj\Project\maautoplatform\target\classes started by Cindy.FengTJ in C:\Users\cindy.fengtj\Project\maautoplatform)
2021-04-22 17:27:29.290 INFO  com.automation.platform.config.PlatformApplication:662  [32m                  [0;39m No active profile set, falling back to default profiles: default
2021-04-22 17:27:29.338 INFO  o.s.b.d.env.DevToolsPropertyDefaultsPostProcessor :255  [32m                  [0;39m Devtools property defaults active! Set 'spring.devtools.add-properties' to 'false' to disable
2021-04-22 17:27:29.338 INFO  o.s.b.d.env.DevToolsPropertyDefaultsPostProcessor :255  [32m                  [0;39m For additional web related logging consider setting the 'logging.level.web' property to 'DEBUG'
2021-04-22 17:27:30.842 INFO  o.s.boot.web.embedded.tomcat.TomcatWebServer      :108  [32m                  [0;39m Tomcat initialized with port(s): 8090 (http)
2021-04-22 17:27:30.853 INFO  org.apache.coyote.http11.Http11NioProtocol        :173  [32m                  [0;39m Initializing ProtocolHandler ["http-nio-8090"]
2021-04-22 17:27:30.854 INFO  org.apache.catalina.core.StandardService          :173  [32m                  [0;39m Starting service [Tomcat]
2021-04-22 17:27:30.854 INFO  org.apache.catalina.core.StandardEngine           :173  [32m                  [0;39m Starting Servlet engine: [Apache Tomcat/9.0.44]
2021-04-22 17:27:31.002 INFO  o.a.c.core.ContainerBase.[Tomcat].[localhost].[/] :173  [32m                  [0;39m Initializing Spring embedded WebApplicationContext
2021-04-22 17:27:31.003 INFO  o.s.b.w.s.c.ServletWebServerApplicationContext    :289  [32m                  [0;39m Root WebApplicationContext: initialization completed in 1657 ms
2021-04-22 17:27:31.509 INFO  o.s.scheduling.concurrent.ThreadPoolTaskExecutor  :181  [32m                  [0;39m Initializing ExecutorService 'applicationTaskExecutor'
2021-04-22 17:27:31.782 INFO  o.s.b.d.autoconfigure.OptionalLiveReloadServer    :58   [32m                  [0;39m LiveReload server is running on port 35729
2021-04-22 17:27:31.796 INFO  org.apache.coyote.http11.Http11NioProtocol        :173  [32m                  [0;39m Starting ProtocolHandler ["http-nio-8090"]
2021-04-22 17:27:31.813 INFO  o.s.boot.web.embedded.tomcat.TomcatWebServer      :220  [32m                  [0;39m Tomcat started on port(s): 8090 (http) with context path ''
2021-04-22 17:27:31.822 INFO  com.automation.platform.config.PlatformApplication:61   [32m                  [0;39m Started PlatformApplication in 3.088 seconds (JVM running for 4.862)
2021-04-22 17:27:31.825 INFO  com.automation.platform.config.PlatformApplication:21   [32m                  [0;39m 启动成功！！
2021-04-22 17:27:31.826 INFO  com.automation.platform.config.PlatformApplication:22   [32m                  [0;39m 地址: 	http://127.0.0.1:8090
2021-04-22 17:34:57.263 INFO  o.s.scheduling.concurrent.ThreadPoolTaskExecutor  :218  [32m                  [0;39m Shutting down ExecutorService 'applicationTaskExecutor'
2021-04-22 17:34:57.428 INFO  com.automation.platform.config.PlatformApplication:55   [32m                  [0;39m Starting PlatformApplication using Java 1.8.0_202 on CN-L201597 with PID 17088 (C:\Users\cindy.fengtj\Project\maautoplatform\target\classes started by Cindy.FengTJ in C:\Users\cindy.fengtj\Project\maautoplatform)
2021-04-22 17:34:57.429 INFO  com.automation.platform.config.PlatformApplication:662  [32m                  [0;39m No active profile set, falling back to default profiles: default
2021-04-22 17:34:57.827 INFO  o.s.boot.web.embedded.tomcat.TomcatWebServer      :108  [32m                  [0;39m Tomcat initialized with port(s): 8090 (http)
2021-04-22 17:34:57.828 INFO  org.apache.coyote.http11.Http11NioProtocol        :173  [32m                  [0;39m Initializing ProtocolHandler ["http-nio-8090"]
2021-04-22 17:34:57.830 INFO  org.apache.catalina.core.StandardService          :173  [32m                  [0;39m Starting service [Tomcat]
2021-04-22 17:34:57.830 INFO  org.apache.catalina.core.StandardEngine           :173  [32m                  [0;39m Starting Servlet engine: [Apache Tomcat/9.0.44]
2021-04-22 17:34:57.882 INFO  o.a.c.core.ContainerBase.[Tomcat].[localhost].[/] :173  [32m                  [0;39m Initializing Spring embedded WebApplicationContext
2021-04-22 17:34:57.883 INFO  o.s.b.w.s.c.ServletWebServerApplicationContext    :289  [32m                  [0;39m Root WebApplicationContext: initialization completed in 445 ms
2021-04-22 17:34:58.017 INFO  o.s.scheduling.concurrent.ThreadPoolTaskExecutor  :181  [32m                  [0;39m Initializing ExecutorService 'applicationTaskExecutor'
2021-04-22 17:34:58.070 INFO  o.s.b.d.autoconfigure.OptionalLiveReloadServer    :58   [32m                  [0;39m LiveReload server is running on port 35729
2021-04-22 17:34:58.075 INFO  org.apache.coyote.http11.Http11NioProtocol        :173  [32m                  [0;39m Starting ProtocolHandler ["http-nio-8090"]
2021-04-22 17:34:58.079 INFO  o.s.boot.web.embedded.tomcat.TomcatWebServer      :220  [32m                  [0;39m Tomcat started on port(s): 8090 (http) with context path ''
2021-04-22 17:34:58.083 INFO  com.automation.platform.config.PlatformApplication:61   [32m                  [0;39m Started PlatformApplication in 0.709 seconds (JVM running for 451.119)
2021-04-22 17:34:58.084 INFO  o.s.b.d.a.ConditionEvaluationDeltaLoggingListener :63   [32m                  [0;39m Condition evaluation unchanged
2021-04-22 17:34:58.085 INFO  com.automation.platform.config.PlatformApplication:21   [32m                  [0;39m 启动成功！！
2021-04-22 17:34:58.086 INFO  com.automation.platform.config.PlatformApplication:22   [32m                  [0;39m 地址: 	http://127.0.0.1:8090
2021-04-22 17:35:35.074 INFO  o.s.scheduling.concurrent.ThreadPoolTaskExecutor  :218  [32m                  [0;39m Shutting down ExecutorService 'applicationTaskExecutor'
2021-04-22 17:35:35.357 INFO  com.automation.platform.config.PlatformApplication:55   [32m                  [0;39m Starting PlatformApplication using Java 1.8.0_202 on CN-L201597 with PID 17088 (C:\Users\cindy.fengtj\Project\maautoplatform\target\classes started by Cindy.FengTJ in C:\Users\cindy.fengtj\Project\maautoplatform)
2021-04-22 17:35:35.358 INFO  com.automation.platform.config.PlatformApplication:662  [32m                  [0;39m No active profile set, falling back to default profiles: default
2021-04-22 17:35:36.106 INFO  o.s.boot.web.embedded.tomcat.TomcatWebServer      :108  [32m                  [0;39m Tomcat initialized with port(s): 8090 (http)
2021-04-22 17:35:36.107 INFO  org.apache.coyote.http11.Http11NioProtocol        :173  [32m                  [0;39m Initializing ProtocolHandler ["http-nio-8090"]
2021-04-22 17:35:36.109 INFO  org.apache.catalina.core.StandardService          :173  [32m                  [0;39m Starting service [Tomcat]
2021-04-22 17:35:36.110 INFO  org.apache.catalina.core.StandardEngine           :173  [32m                  [0;39m Starting Servlet engine: [Apache Tomcat/9.0.44]
2021-04-22 17:35:36.228 INFO  o.a.c.core.ContainerBase.[Tomcat].[localhost].[/] :173  [32m                  [0;39m Initializing Spring embedded WebApplicationContext
2021-04-22 17:35:36.228 INFO  o.s.b.w.s.c.ServletWebServerApplicationContext    :289  [32m                  [0;39m Root WebApplicationContext: initialization completed in 864 ms
2021-04-22 17:35:36.490 INFO  o.s.scheduling.concurrent.ThreadPoolTaskExecutor  :181  [32m                  [0;39m Initializing ExecutorService 'applicationTaskExecutor'
2021-04-22 17:35:36.575 INFO  o.s.b.d.autoconfigure.OptionalLiveReloadServer    :58   [32m                  [0;39m LiveReload server is running on port 35729
2021-04-22 17:35:36.584 INFO  org.apache.coyote.http11.Http11NioProtocol        :173  [32m                  [0;39m Starting ProtocolHandler ["http-nio-8090"]
2021-04-22 17:35:36.588 INFO  o.s.boot.web.embedded.tomcat.TomcatWebServer      :220  [32m                  [0;39m Tomcat started on port(s): 8090 (http) with context path ''
2021-04-22 17:35:36.594 INFO  com.automation.platform.config.PlatformApplication:61   [32m                  [0;39m Started PlatformApplication in 1.332 seconds (JVM running for 489.63)
2021-04-22 17:35:36.596 INFO  o.s.b.d.a.ConditionEvaluationDeltaLoggingListener :63   [32m                  [0;39m Condition evaluation unchanged
2021-04-22 17:35:36.597 INFO  com.automation.platform.config.PlatformApplication:21   [32m                  [0;39m 启动成功！！
2021-04-22 17:35:36.598 INFO  com.automation.platform.config.PlatformApplication:22   [32m                  [0;39m 地址: 	http://127.0.0.1:8090
2021-04-22 17:35:39.017 INFO  o.s.scheduling.concurrent.ThreadPoolTaskExecutor  :218  [32m                  [0;39m Shutting down ExecutorService 'applicationTaskExecutor'
2021-04-22 17:35:39.172 INFO  com.automation.platform.config.PlatformApplication:55   [32m                  [0;39m Starting PlatformApplication using Java 1.8.0_202 on CN-L201597 with PID 17088 (C:\Users\cindy.fengtj\Project\maautoplatform\target\classes started by Cindy.FengTJ in C:\Users\cindy.fengtj\Project\maautoplatform)
2021-04-22 17:35:39.172 INFO  com.automation.platform.config.PlatformApplication:662  [32m                  [0;39m No active profile set, falling back to default profiles: default
2021-04-22 17:35:39.430 INFO  o.s.boot.web.embedded.tomcat.TomcatWebServer      :108  [32m                  [0;39m Tomcat initialized with port(s): 8090 (http)
2021-04-22 17:35:39.432 INFO  org.apache.coyote.http11.Http11NioProtocol        :173  [32m                  [0;39m Initializing ProtocolHandler ["http-nio-8090"]
2021-04-22 17:35:39.432 INFO  org.apache.catalina.core.StandardService          :173  [32m                  [0;39m Starting service [Tomcat]
2021-04-22 17:35:39.432 INFO  org.apache.catalina.core.StandardEngine           :173  [32m                  [0;39m Starting Servlet engine: [Apache Tomcat/9.0.44]
2021-04-22 17:35:39.493 INFO  o.a.c.core.ContainerBase.[Tomcat].[localhost].[/] :173  [32m                  [0;39m Initializing Spring embedded WebApplicationContext
2021-04-22 17:35:39.494 INFO  o.s.b.w.s.c.ServletWebServerApplicationContext    :289  [32m                  [0;39m Root WebApplicationContext: initialization completed in 319 ms
2021-04-22 17:35:39.593 INFO  o.s.scheduling.concurrent.ThreadPoolTaskExecutor  :181  [32m                  [0;39m Initializing ExecutorService 'applicationTaskExecutor'
2021-04-22 17:35:39.641 INFO  o.s.b.d.autoconfigure.OptionalLiveReloadServer    :58   [32m                  [0;39m LiveReload server is running on port 35729
2021-04-22 17:35:39.649 INFO  org.apache.coyote.http11.Http11NioProtocol        :173  [32m                  [0;39m Starting ProtocolHandler ["http-nio-8090"]
2021-04-22 17:35:39.652 INFO  o.s.boot.web.embedded.tomcat.TomcatWebServer      :220  [32m                  [0;39m Tomcat started on port(s): 8090 (http) with context path ''
2021-04-22 17:35:39.655 INFO  com.automation.platform.config.PlatformApplication:61   [32m                  [0;39m Started PlatformApplication in 0.526 seconds (JVM running for 492.691)
2021-04-22 17:35:39.656 INFO  o.s.b.d.a.ConditionEvaluationDeltaLoggingListener :63   [32m                  [0;39m Condition evaluation unchanged
2021-04-22 17:35:39.657 INFO  com.automation.platform.config.PlatformApplication:21   [32m                  [0;39m 启动成功！！
2021-04-22 17:35:39.657 INFO  com.automation.platform.config.PlatformApplication:22   [32m                  [0;39m 地址: 	http://127.0.0.1:8090
2021-04-22 17:38:15.406 INFO  o.s.scheduling.concurrent.ThreadPoolTaskExecutor  :218  [32m                  [0;39m Shutting down ExecutorService 'applicationTaskExecutor'
2021-04-22 17:38:15.540 INFO  com.automation.platform.config.PlatformApplication:55   [32m                  [0;39m Starting PlatformApplication using Java 1.8.0_202 on CN-L201597 with PID 17088 (C:\Users\cindy.fengtj\Project\maautoplatform\target\classes started by Cindy.FengTJ in C:\Users\cindy.fengtj\Project\maautoplatform)
2021-04-22 17:38:15.541 INFO  com.automation.platform.config.PlatformApplication:662  [32m                  [0;39m No active profile set, falling back to default profiles: default
2021-04-22 17:38:15.917 INFO  o.s.boot.web.embedded.tomcat.TomcatWebServer      :108  [32m                  [0;39m Tomcat initialized with port(s): 8090 (http)
2021-04-22 17:38:15.918 INFO  org.apache.coyote.http11.Http11NioProtocol        :173  [32m                  [0;39m Initializing ProtocolHandler ["http-nio-8090"]
2021-04-22 17:38:15.918 INFO  org.apache.catalina.core.StandardService          :173  [32m                  [0;39m Starting service [Tomcat]
2021-04-22 17:38:15.918 INFO  org.apache.catalina.core.StandardEngine           :173  [32m                  [0;39m Starting Servlet engine: [Apache Tomcat/9.0.44]
2021-04-22 17:38:15.974 INFO  o.a.c.core.ContainerBase.[Tomcat].[localhost].[/] :173  [32m                  [0;39m Initializing Spring embedded WebApplicationContext
2021-04-22 17:38:15.974 INFO  o.s.b.w.s.c.ServletWebServerApplicationContext    :289  [32m                  [0;39m Root WebApplicationContext: initialization completed in 428 ms
2021-04-22 17:38:16.085 INFO  o.s.scheduling.concurrent.ThreadPoolTaskExecutor  :181  [32m                  [0;39m Initializing ExecutorService 'applicationTaskExecutor'
2021-04-22 17:38:16.141 INFO  o.s.b.d.autoconfigure.OptionalLiveReloadServer    :58   [32m                  [0;39m LiveReload server is running on port 35729
2021-04-22 17:38:16.152 INFO  org.apache.coyote.http11.Http11NioProtocol        :173  [32m                  [0;39m Starting ProtocolHandler ["http-nio-8090"]
2021-04-22 17:38:16.157 INFO  o.s.boot.web.embedded.tomcat.TomcatWebServer      :220  [32m                  [0;39m Tomcat started on port(s): 8090 (http) with context path ''
2021-04-22 17:38:16.163 INFO  com.automation.platform.config.PlatformApplication:61   [32m                  [0;39m Started PlatformApplication in 0.669 seconds (JVM running for 649.197)
2021-04-22 17:38:16.165 INFO  o.s.b.d.a.ConditionEvaluationDeltaLoggingListener :63   [32m                  [0;39m Condition evaluation unchanged
2021-04-22 17:38:16.166 INFO  com.automation.platform.config.PlatformApplication:21   [32m                  [0;39m 启动成功！！
2021-04-22 17:38:16.167 INFO  com.automation.platform.config.PlatformApplication:22   [32m                  [0;39m 地址: 	http://127.0.0.1:8090
2021-04-22 17:39:09.105 INFO  o.s.scheduling.concurrent.ThreadPoolTaskExecutor  :218  [32m                  [0;39m Shutting down ExecutorService 'applicationTaskExecutor'
2021-04-22 17:39:09.257 INFO  com.automation.platform.config.PlatformApplication:55   [32m                  [0;39m Starting PlatformApplication using Java 1.8.0_202 on CN-L201597 with PID 17088 (C:\Users\cindy.fengtj\Project\maautoplatform\target\classes started by Cindy.FengTJ in C:\Users\cindy.fengtj\Project\maautoplatform)
2021-04-22 17:39:09.258 INFO  com.automation.platform.config.PlatformApplication:662  [32m                  [0;39m No active profile set, falling back to default profiles: default
2021-04-22 17:39:09.801 INFO  o.s.boot.web.embedded.tomcat.TomcatWebServer      :108  [32m                  [0;39m Tomcat initialized with port(s): 8090 (http)
2021-04-22 17:39:09.802 INFO  org.apache.coyote.http11.Http11NioProtocol        :173  [32m                  [0;39m Initializing ProtocolHandler ["http-nio-8090"]
2021-04-22 17:39:09.803 INFO  org.apache.catalina.core.StandardService          :173  [32m                  [0;39m Starting service [Tomcat]
2021-04-22 17:39:09.803 INFO  org.apache.catalina.core.StandardEngine           :173  [32m                  [0;39m Starting Servlet engine: [Apache Tomcat/9.0.44]
2021-04-22 17:39:09.864 INFO  o.a.c.core.ContainerBase.[Tomcat].[localhost].[/] :173  [32m                  [0;39m Initializing Spring embedded WebApplicationContext
2021-04-22 17:39:09.865 INFO  o.s.b.w.s.c.ServletWebServerApplicationContext    :289  [32m                  [0;39m Root WebApplicationContext: initialization completed in 602 ms
2021-04-22 17:39:10.007 INFO  o.s.scheduling.concurrent.ThreadPoolTaskExecutor  :181  [32m                  [0;39m Initializing ExecutorService 'applicationTaskExecutor'
2021-04-22 17:39:10.097 INFO  o.s.b.d.autoconfigure.OptionalLiveReloadServer    :58   [32m                  [0;39m LiveReload server is running on port 35729
2021-04-22 17:39:10.111 INFO  org.apache.coyote.http11.Http11NioProtocol        :173  [32m                  [0;39m Starting ProtocolHandler ["http-nio-8090"]
2021-04-22 17:39:10.116 INFO  o.s.boot.web.embedded.tomcat.TomcatWebServer      :220  [32m                  [0;39m Tomcat started on port(s): 8090 (http) with context path ''
2021-04-22 17:39:10.120 INFO  com.automation.platform.config.PlatformApplication:61   [32m                  [0;39m Started PlatformApplication in 0.936 seconds (JVM running for 703.155)
2021-04-22 17:39:10.122 INFO  o.s.b.d.a.ConditionEvaluationDeltaLoggingListener :63   [32m                  [0;39m Condition evaluation unchanged
2021-04-22 17:39:10.123 INFO  com.automation.platform.config.PlatformApplication:21   [32m                  [0;39m 启动成功！！
2021-04-22 17:39:10.124 INFO  com.automation.platform.config.PlatformApplication:22   [32m                  [0;39m 地址: 	http://127.0.0.1:8090
2021-04-22 17:39:47.480 INFO  com.automation.platform.config.PlatformApplication:55   [32m                  [0;39m Starting PlatformApplication using Java 1.8.0_202 on CN-L201597 with PID 10692 (C:\Users\cindy.fengtj\Project\maautoplatform\target\classes started by Cindy.FengTJ in C:\Users\cindy.fengtj\Project\maautoplatform)
2021-04-22 17:39:47.487 INFO  com.automation.platform.config.PlatformApplication:662  [32m                  [0;39m No active profile set, falling back to default profiles: default
2021-04-22 17:39:47.565 INFO  o.s.b.d.env.DevToolsPropertyDefaultsPostProcessor :255  [32m                  [0;39m Devtools property defaults active! Set 'spring.devtools.add-properties' to 'false' to disable
2021-04-22 17:39:47.565 INFO  o.s.b.d.env.DevToolsPropertyDefaultsPostProcessor :255  [32m                  [0;39m For additional web related logging consider setting the 'logging.level.web' property to 'DEBUG'
2021-04-22 17:39:49.341 INFO  o.s.boot.web.embedded.tomcat.TomcatWebServer      :108  [32m                  [0;39m Tomcat initialized with port(s): 8090 (http)
2021-04-22 17:39:49.353 INFO  org.apache.coyote.http11.Http11NioProtocol        :173  [32m                  [0;39m Initializing ProtocolHandler ["http-nio-8090"]
2021-04-22 17:39:49.354 INFO  org.apache.catalina.core.StandardService          :173  [32m                  [0;39m Starting service [Tomcat]
2021-04-22 17:39:49.354 INFO  org.apache.catalina.core.StandardEngine           :173  [32m                  [0;39m Starting Servlet engine: [Apache Tomcat/9.0.44]
2021-04-22 17:39:49.539 INFO  o.a.c.core.ContainerBase.[Tomcat].[localhost].[/] :173  [32m                  [0;39m Initializing Spring embedded WebApplicationContext
2021-04-22 17:39:49.539 INFO  o.s.b.w.s.c.ServletWebServerApplicationContext    :289  [32m                  [0;39m Root WebApplicationContext: initialization completed in 1972 ms
2021-04-22 17:39:50.486 INFO  o.s.scheduling.concurrent.ThreadPoolTaskExecutor  :181  [32m                  [0;39m Initializing ExecutorService 'applicationTaskExecutor'
2021-04-22 17:39:51.006 INFO  o.s.b.d.autoconfigure.OptionalLiveReloadServer    :58   [32m                  [0;39m LiveReload server is running on port 35729
2021-04-22 17:39:51.029 INFO  org.apache.coyote.http11.Http11NioProtocol        :173  [32m                  [0;39m Starting ProtocolHandler ["http-nio-8090"]
2021-04-22 17:39:51.064 INFO  o.s.boot.web.embedded.tomcat.TomcatWebServer      :220  [32m                  [0;39m Tomcat started on port(s): 8090 (http) with context path ''
2021-04-22 17:39:51.083 INFO  com.automation.platform.config.PlatformApplication:61   [32m                  [0;39m Started PlatformApplication in 4.427 seconds (JVM running for 6.434)
2021-04-22 17:39:51.088 INFO  com.automation.platform.config.PlatformApplication:21   [32m                  [0;39m 启动成功！！
2021-04-22 17:39:51.088 INFO  com.automation.platform.config.PlatformApplication:22   [32m                  [0;39m 地址: 	http://127.0.0.1:8090
2021-04-22 17:40:06.265 INFO  o.a.c.core.ContainerBase.[Tomcat].[localhost].[/] :173  [32m                  [0;39m Initializing Spring DispatcherServlet 'dispatcherServlet'
2021-04-22 17:40:06.268 INFO  org.springframework.web.servlet.DispatcherServlet :525  [32m                  [0;39m Initializing Servlet 'dispatcherServlet'
2021-04-22 17:40:06.272 INFO  org.springframework.web.servlet.DispatcherServlet :547  [32m                  [0;39m Completed initialization in 2 ms
2021-04-22 17:40:06.410 INFO  com.zaxxer.hikari.HikariDataSource                :110  [32m                  [0;39m HikariPool-1 - Starting...
2021-04-22 17:40:08.947 INFO  com.zaxxer.hikari.HikariDataSource                :123  [32m                  [0;39m HikariPool-1 - Start completed.
2021-04-22 17:40:08.964 DEBUG c.a.platform.mapper.EbookMapper.selectByExample   :137  [32m                  [0;39m ==>  Preparing: select id, `name`, category1_id, category2_id, description, cover, doc_count, view_count, vote_count from ebook
2021-04-22 17:40:09.025 DEBUG c.a.platform.mapper.EbookMapper.selectByExample   :137  [32m                  [0;39m ==> Parameters: 
2021-04-22 17:40:09.102 TRACE c.a.platform.mapper.EbookMapper.selectByExample   :143  [32m                  [0;39m <==    Columns: id, name, category1_id, category2_id, description, cover, doc_count, view_count, vote_count
2021-04-22 17:40:09.103 TRACE c.a.platform.mapper.EbookMapper.selectByExample   :143  [32m                  [0;39m <==        Row: 1, Spring Boot 入门教程, null, null, 零基础入门 Java 开发，企业级应用开发最佳首选框架, null, 0, 0, 0
2021-04-22 17:40:09.107 TRACE c.a.platform.mapper.EbookMapper.selectByExample   :143  [32m                  [0;39m <==        Row: 2, Vue 入门教程, null, null, 零基础入门 Vue 开发，企业级应用开发最佳首选框架, null, 0, 0, 0
2021-04-22 17:40:09.109 TRACE c.a.platform.mapper.EbookMapper.selectByExample   :143  [32m                  [0;39m <==        Row: 3, Python 入门教程, null, null, 零基础入门 Python 开发，企业级应用开发最佳首选框架, null, 0, 0, 0
2021-04-22 17:40:09.110 TRACE c.a.platform.mapper.EbookMapper.selectByExample   :143  [32m                  [0;39m <==        Row: 4, Mysql 入门教程, null, null, 零基础入门 Mysql 开发，企业级应用开发最佳首选框架, null, 0, 0, 0
2021-04-22 17:40:09.112 TRACE c.a.platform.mapper.EbookMapper.selectByExample   :143  [32m                  [0;39m <==        Row: 5, Oracle 入门教程, null, null, 零基础入门 Oracle 开发，企业级应用开发最佳首选框架, null, 0, 0, 0
2021-04-22 17:40:09.114 DEBUG c.a.platform.mapper.EbookMapper.selectByExample   :137  [32m                  [0;39m <==      Total: 5
